fflags         [0x001] = 0x0000000000000000
frm            [0x002] = 0x0000000000000000
fcsr           [0x003] = 0x0000000000000000
vstart         [0x008] = 0x0000000000000000
vxsat          [0x009] = 0x0000000000000000
vxrm           [0x00a] = 0x0000000000000000
vcsr           [0x00f] = 0x0000000000000000
seed           [0x015] = 0x000000008000dd97
sstatus        [0x100] = 0x0000000200000000
sie            [0x104] = 0x0000000000000000
stvec          [0x105] = 0x0000000000000000
scounteren     [0x106] = 0x0000000000000000
senvcfg        [0x10a] = 0x0000000000000000
sscratch       [0x140] = 0x0000000000000000
sepc           [0x141] = 0x0000000000000000
scause         [0x142] = 0x0000000000000000
stval          [0x143] = 0x0000000000000000
sip            [0x144] = 0x0000000000000000
satp           [0x180] = 0x0000000000000000
vsstatus       [0x200] = 0x0000000200000000
vsie           [0x204] = 0x0000000000000000
vstvec         [0x205] = 0x0000000000000000
vsscratch      [0x240] = 0x0000000000000000
vsepc          [0x241] = 0x0000000000000000
vscause        [0x242] = 0x0000000000000000
vstval         [0x243] = 0x0000000000000000
vsip           [0x244] = 0x0000000000000000
vsatp          [0x280] = 0x0000000000000000
mstatus        [0x300] = 0x0000000a00000000
misa           [0x301] = 0x8000000000141129
medeleg        [0x302] = 0x0000000000000000
mideleg        [0x303] = 0x0000000000000000
mie            [0x304] = 0x0000000000000000
mtvec          [0x305] = 0x0000000000000000
mcounteren     [0x306] = 0x0000000000000000
menvcfg        [0x30a] = 0x0000000000000000
mcountinhibit  [0x320] = 0x0000000000000000
mhpmevent3     [0x323] = 0x0000000000000000
mhpmevent4     [0x324] = 0x0000000000000000
mhpmevent5     [0x325] = 0x0000000000000000
mhpmevent6     [0x326] = 0x0000000000000000
mhpmevent7     [0x327] = 0x0000000000000000
mhpmevent8     [0x328] = 0x0000000000000000
mhpmevent9     [0x329] = 0x0000000000000000
mhpmevent10    [0x32a] = 0x0000000000000000
mhpmevent11    [0x32b] = 0x0000000000000000
mhpmevent12    [0x32c] = 0x0000000000000000
mhpmevent13    [0x32d] = 0x0000000000000000
mhpmevent14    [0x32e] = 0x0000000000000000
mhpmevent15    [0x32f] = 0x0000000000000000
mhpmevent16    [0x330] = 0x0000000000000000
mhpmevent17    [0x331] = 0x0000000000000000
mhpmevent18    [0x332] = 0x0000000000000000
mhpmevent19    [0x333] = 0x0000000000000000
mhpmevent20    [0x334] = 0x0000000000000000
mhpmevent21    [0x335] = 0x0000000000000000
mhpmevent22    [0x336] = 0x0000000000000000
mhpmevent23    [0x337] = 0x0000000000000000
mhpmevent24    [0x338] = 0x0000000000000000
mhpmevent25    [0x339] = 0x0000000000000000
mhpmevent26    [0x33a] = 0x0000000000000000
mhpmevent27    [0x33b] = 0x0000000000000000
mhpmevent28    [0x33c] = 0x0000000000000000
mhpmevent29    [0x33d] = 0x0000000000000000
mhpmevent30    [0x33e] = 0x0000000000000000
mhpmevent31    [0x33f] = 0x0000000000000000
mscratch       [0x340] = 0x0000000000000000
mepc           [0x341] = 0x0000000000000000
mcause         [0x342] = 0x0000000000000000
mtval          [0x343] = 0x0000000000000000
mip            [0x344] = 0x0000000000000000
mtinst         [0x34a] = 0x0000000000000000
mtval2         [0x34b] = 0x0000000000000000
pmpcfg0        [0x3a0] = 0x000000000000001f
pmpcfg2        [0x3a2] = 0x0000000000000000
pmpcfg4        [0x3a4] = 0x0000000000000000
pmpcfg6        [0x3a6] = 0x0000000000000000
pmpcfg8        [0x3a8] = 0x0000000000000000
pmpcfg10       [0x3aa] = 0x0000000000000000
pmpcfg12       [0x3ac] = 0x0000000000000000
pmpcfg14       [0x3ae] = 0x0000000000000000
pmpaddr0       [0x3b0] = 0x003fffffffffffff
pmpaddr1       [0x3b1] = 0x0000000000000000
pmpaddr2       [0x3b2] = 0x0000000000000000
pmpaddr3       [0x3b3] = 0x0000000000000000
pmpaddr4       [0x3b4] = 0x0000000000000000
pmpaddr5       [0x3b5] = 0x0000000000000000
pmpaddr6       [0x3b6] = 0x0000000000000000
pmpaddr7       [0x3b7] = 0x0000000000000000
pmpaddr8       [0x3b8] = 0x0000000000000000
pmpaddr9       [0x3b9] = 0x0000000000000000
pmpaddr10      [0x3ba] = 0x0000000000000000
pmpaddr11      [0x3bb] = 0x0000000000000000
pmpaddr12      [0x3bc] = 0x0000000000000000
pmpaddr13      [0x3bd] = 0x0000000000000000
pmpaddr14      [0x3be] = 0x0000000000000000
pmpaddr15      [0x3bf] = 0x0000000000000000
pmpaddr16      [0x3c0] = 0x0000000000000000
pmpaddr17      [0x3c1] = 0x0000000000000000
pmpaddr18      [0x3c2] = 0x0000000000000000
pmpaddr19      [0x3c3] = 0x0000000000000000
pmpaddr20      [0x3c4] = 0x0000000000000000
pmpaddr21      [0x3c5] = 0x0000000000000000
pmpaddr22      [0x3c6] = 0x0000000000000000
pmpaddr23      [0x3c7] = 0x0000000000000000
pmpaddr24      [0x3c8] = 0x0000000000000000
pmpaddr25      [0x3c9] = 0x0000000000000000
pmpaddr26      [0x3ca] = 0x0000000000000000
pmpaddr27      [0x3cb] = 0x0000000000000000
pmpaddr28      [0x3cc] = 0x0000000000000000
pmpaddr29      [0x3cd] = 0x0000000000000000
pmpaddr30      [0x3ce] = 0x0000000000000000
pmpaddr31      [0x3cf] = 0x0000000000000000
pmpaddr32      [0x3d0] = 0x0000000000000000
pmpaddr33      [0x3d1] = 0x0000000000000000
pmpaddr34      [0x3d2] = 0x0000000000000000
pmpaddr35      [0x3d3] = 0x0000000000000000
pmpaddr36      [0x3d4] = 0x0000000000000000
pmpaddr37      [0x3d5] = 0x0000000000000000
pmpaddr38      [0x3d6] = 0x0000000000000000
pmpaddr39      [0x3d7] = 0x0000000000000000
pmpaddr40      [0x3d8] = 0x0000000000000000
pmpaddr41      [0x3d9] = 0x0000000000000000
pmpaddr42      [0x3da] = 0x0000000000000000
pmpaddr43      [0x3db] = 0x0000000000000000
pmpaddr44      [0x3dc] = 0x0000000000000000
pmpaddr45      [0x3dd] = 0x0000000000000000
pmpaddr46      [0x3de] = 0x0000000000000000
pmpaddr47      [0x3df] = 0x0000000000000000
pmpaddr48      [0x3e0] = 0x0000000000000000
pmpaddr49      [0x3e1] = 0x0000000000000000
pmpaddr50      [0x3e2] = 0x0000000000000000
pmpaddr51      [0x3e3] = 0x0000000000000000
pmpaddr52      [0x3e4] = 0x0000000000000000
pmpaddr53      [0x3e5] = 0x0000000000000000
pmpaddr54      [0x3e6] = 0x0000000000000000
pmpaddr55      [0x3e7] = 0x0000000000000000
pmpaddr56      [0x3e8] = 0x0000000000000000
pmpaddr57      [0x3e9] = 0x0000000000000000
pmpaddr58      [0x3ea] = 0x0000000000000000
pmpaddr59      [0x3eb] = 0x0000000000000000
pmpaddr60      [0x3ec] = 0x0000000000000000
pmpaddr61      [0x3ed] = 0x0000000000000000
pmpaddr62      [0x3ee] = 0x0000000000000000
pmpaddr63      [0x3ef] = 0x0000000000000000
scontext       [0x5a8] = 0x0000000000000000
hstatus        [0x600] = 0x0000000200000000
hedeleg        [0x602] = 0x0000000000000000
hideleg        [0x603] = 0x0000000000000000
hie            [0x604] = 0x0000000000000000
htimedelta     [0x605] = 0x0000000000000000
hcounteren     [0x606] = 0x0000000000000000
hgeie          [0x607] = 0x0000000000000000
henvcfg        [0x60a] = 0x0000000000000000
htval          [0x643] = 0x0000000000000000
hip            [0x644] = 0x0000000000000000
hvip           [0x645] = 0x0000000000000000
htinst         [0x64a] = 0x0000000000000000
hgatp          [0x680] = 0x0000000000000000
hcontext       [0x6a8] = 0x0000000000000000
mseccfg        [0x747] = 0x0000000000000000
tselect        [0x7a0] = 0x0000000000000000
tdata1         [0x7a1] = 0xf000000000000000
tdata2         [0x7a2] = 0x0000000000000000
tdata3         [0x7a3] = 0x0000000000000000
tinfo          [0x7a4] = 0x000000000000807c
mcontext       [0x7a8] = 0x0000000000000000
dcsr           [0x7b0] = 0x0000000040000000
dpc            [0x7b1] = 0x0000000000000000
dscratch0      [0x7b2] = 0x0000000000000000
dscratch1      [0x7b3] = 0x0000000000000000
mcycle         [0xb00] = 0x0000000000000000
minstret       [0xb02] = 0x0000000000000000
mhpmcounter3   [0xb03] = 0x0000000000000000
mhpmcounter4   [0xb04] = 0x0000000000000000
mhpmcounter5   [0xb05] = 0x0000000000000000
mhpmcounter6   [0xb06] = 0x0000000000000000
mhpmcounter7   [0xb07] = 0x0000000000000000
mhpmcounter8   [0xb08] = 0x0000000000000000
mhpmcounter9   [0xb09] = 0x0000000000000000
mhpmcounter10  [0xb0a] = 0x0000000000000000
mhpmcounter11  [0xb0b] = 0x0000000000000000
mhpmcounter12  [0xb0c] = 0x0000000000000000
mhpmcounter13  [0xb0d] = 0x0000000000000000
mhpmcounter14  [0xb0e] = 0x0000000000000000
mhpmcounter15  [0xb0f] = 0x0000000000000000
mhpmcounter16  [0xb10] = 0x0000000000000000
mhpmcounter17  [0xb11] = 0x0000000000000000
mhpmcounter18  [0xb12] = 0x0000000000000000
mhpmcounter19  [0xb13] = 0x0000000000000000
mhpmcounter20  [0xb14] = 0x0000000000000000
mhpmcounter21  [0xb15] = 0x0000000000000000
mhpmcounter22  [0xb16] = 0x0000000000000000
mhpmcounter23  [0xb17] = 0x0000000000000000
mhpmcounter24  [0xb18] = 0x0000000000000000
mhpmcounter25  [0xb19] = 0x0000000000000000
mhpmcounter26  [0xb1a] = 0x0000000000000000
mhpmcounter27  [0xb1b] = 0x0000000000000000
mhpmcounter28  [0xb1c] = 0x0000000000000000
mhpmcounter29  [0xb1d] = 0x0000000000000000
mhpmcounter30  [0xb1e] = 0x0000000000000000
mhpmcounter31  [0xb1f] = 0x0000000000000000
vl             [0xc20] = 0x0000000000000000
vtype          [0xc21] = 0x8000000000000000
vlenb          [0xc22] = 0x0000000000000010
hgeip          [0xe12] = 0x0000000000000000
mvendorid      [0xf11] = 0x0000000000000000
marchid        [0xf12] = 0x0000000000000005
mimpid         [0xf13] = 0x0000000000000000
mhartid        [0xf14] = 0x0000000000000000
mconfigptr     [0xf15] = 0x0000000000000000
